<?xml version="1.0" encoding="UTF-8"?>
<Site BuildName="Linux-arm-linux-gnueabihf-g++"
	BuildStamp="20230921-0651-Experimental"
	Name="raspberrypi"
	Generator="ctest-3.16.3"
	CompilerName="/usr/bin/arm-linux-gnueabihf-g++"
	CompilerVersion="8.3.0"
	OSName="Linux"
	Hostname="raspberrypi"
	OSRelease="5.10.103-v7l+"
	OSVersion="#1529 SMP Tue Mar 8 12:24:00 GMT 2022"
	OSPlatform="armv7l"
	Is64Bits="0"
	VendorString=""
	VendorID="Unknown Manufacturer"
	FamilyID="7"
	ModelID="0"
	ProcessorCacheSize="0"
	NumberOfLogicalCPU="4"
	NumberOfPhysicalCPU="1"
	TotalVirtualMemory="99"
	TotalPhysicalMemory="3838"
	LogicalProcessorsPerPhysical="4"
	ProcessorClockFrequency="0"
	>
	<Testing>
		<StartDateTime>Sep 21 16:14 KST</StartDateTime>
		<StartTestTime>1695280461</StartTestTime>
		<TestList/>
		<EndDateTime>Sep 21 16:14 KST</EndDateTime>
		<EndTestTime>1695280461</EndTestTime>
		<ElapsedMinutes>0</ElapsedMinutes>
	</Testing>
</Site>
